This is pdfTeX, Version 3.1415926-1.40.11 (MiKTeX 2.9) (preloaded format=latex 2015.11.1)  1 NOV 2015 14:03
entering extended mode
**x
("C:\Program Files (x86)\MiKTeX 2.9\tex\latex\tools\x.tex"
LaTeX2e <2009/09/24>
Babel <v3.8l> and hyphenation patterns for english, afrikaans, ancientgreek, ar
abic, armenian, assamese, basque, bengali, bokmal, bulgarian, catalan, coptic, 
croatian, czech, danish, dutch, esperanto, estonian, farsi, finnish, french, ga
lician, german, german-x-2009-06-19, greek, gujarati, hindi, hungarian, iceland
ic, indonesian, interlingua, irish, italian, kannada, kurmanji, lao, latin, lat
vian, lithuanian, malayalam, marathi, mongolian, mongolianlmc, monogreek, ngerm
an, ngerman-x-2009-06-19, nynorsk, oriya, panjabi, pinyin, polish, portuguese, 
romanian, russian, sanskrit, serbian, slovak, slovenian, spanish, swedish, swis
sgerman, tamil, telugu, turkish, turkmen, ukenglish, ukrainian, uppersorbian, u
senglishmax, welsh, loaded.

! .
l.34   \batchmode \errmessage{}
                               \csname @@end\endcsname \end
This error message was generated by an \errmessage
command, so I can't give any explicit help.
Pretend that you're Hercule Poirot: Examine all clues,
and deduce the truth by order and method.

 ) 
Here is how much of TeX's memory you used:
 7 strings out of 494020
 207 string characters out of 3143899
 48862 words of memory out of 3000000
 3395 multiletter control sequences out of 15000+200000
 3640 words of font info for 14 fonts, out of 3000000 for 9000
 714 hyphenation exceptions out of 8191
 5i,0n,1p,82b,8s stack positions out of 5000i,500n,10000p,200000b,50000s

No pages of output.
